<?xml version="1.0" encoding="UTF-8"?>
<!-- Generated by org.testng.reporters.JUnitReportReporter -->
<testsuite hostname="Karthik" failures="0" tests="4" name="Fbtest.testCase1" time="39.345" errors="0" timestamp="2020-11-29T20:26:05 IST" skipped="0">
  <testcase classname="Fbtest.testCase1" name="fbLoginPage" time="8.114"/>
  <system-out/>
  <testcase classname="Fbtest.testCase1" name="fbForgot" time="11.550"/>
  <system-out/>
  <testcase classname="Fbtest.testCase1" name="fbCreateacct" time="9.397"/>
  <system-out/>
  <testcase classname="Fbtest.testCase1" name="fbLogin" time="10.284"/>
  <system-out/>
</testsuite> <!-- Fbtest.testCase1 -->
